<?xml version="1.0" encoding="UTF-8"?>
<!-- Generated by org.testng.reporters.JUnitReportReporter -->
<testsuite hostname="DESKTOP-5O2KTU8" failures="0" tests="1" name="testCases.TC_001_Login" time="19.082" errors="0" timestamp="2021-12-10T22:33:57 BDT" skipped="0">
  <testcase classname="testCases.TC_001_Login" name="locateElement" time="19.082"/>
  <system-out/>
</testsuite> <!-- testCases.TC_001_Login -->
