<?xml version="1.0" encoding="UTF-8"?>
<!-- Generated by org.testng.reporters.JUnitReportReporter -->
<testsuite hostname="DESKTOP-5O2KTU8" failures="0" tests="1" name="testCases.TC_008_Login" time="18.580" errors="0" timestamp="2021-12-10T23:00:30 BDT" skipped="0">
  <testcase classname="testCases.TC_008_Login" name="locateElement" time="18.580"/>
  <system-out/>
</testsuite> <!-- testCases.TC_008_Login -->
