<?xml version="1.0" encoding="UTF-8"?>
<!-- Generated by org.testng.reporters.JUnitReportReporter -->
<testsuite hostname="DESKTOP-5O2KTU8" failures="0" tests="1" name="testCases.TC_007_Login" time="19.330" errors="0" timestamp="2021-12-10T22:55:18 BDT" skipped="0">
  <testcase classname="testCases.TC_007_Login" name="locateElement" time="19.330"/>
  <system-out/>
</testsuite> <!-- testCases.TC_007_Login -->
