<?xml version="1.0" encoding="UTF-8"?>
<!-- Generated by org.testng.reporters.JUnitReportReporter -->
<testsuite hostname="DESKTOP-5O2KTU8" failures="0" tests="1" name="testCases.TC_006_Login" time="16.076" errors="0" timestamp="2021-12-10T22:53:01 BDT" skipped="0">
  <testcase classname="testCases.TC_006_Login" name="locateElement" time="16.076"/>
  <system-out/>
</testsuite> <!-- testCases.TC_006_Login -->
