<?xml version="1.0" encoding="UTF-8"?>
<!-- Generated by org.testng.reporters.JUnitReportReporter -->
<testsuite hostname="DESKTOP-5O2KTU8" failures="0" tests="1" name="testCases.TC_002_Login" time="16.974" errors="0" timestamp="2021-12-10T22:36:03 BDT" skipped="0">
  <testcase classname="testCases.TC_002_Login" name="locateElement" time="16.974"/>
  <system-out/>
</testsuite> <!-- testCases.TC_002_Login -->
